<?xml version="1.0" encoding="UTF-8"?>
<!-- Generated by org.testng.reporters.JUnitReportReporter -->
<testsuite skipped="0" hostname="DESKTOP-6FGJCM3" name="tests.HomePageTest" tests="1" failures="0" timestamp="2020-04-25T20:07:30 IST" time="24.116" errors="0">
  <testcase name="launchHomePage" time="24.116" classname="tests.HomePageTest"/>
  <system-out/>
</testsuite> <!-- tests.HomePageTest -->
