<?xml version="1.0" encoding="UTF-8"?>
<!-- Generated by org.testng.reporters.JUnitReportReporter -->
<testsuite skipped="0" hostname="DESKTOP-6FGJCM3" name="selenium.myFramework.tests.HomePageTest" tests="1" failures="0" timestamp="2020-04-21T21:41:58 IST" time="17.005" errors="0">
  <testcase name="launchHomePage" time="17.005" classname="selenium.myFramework.tests.HomePageTest"/>
  <system-out/>
</testsuite> <!-- selenium.myFramework.tests.HomePageTest -->
